1
                 Chemistry at HARvard Macromolecular Mechanics
           (CHARMM) - Developmental Version 47a1     August 15, 2021            
                                Revision unknown                                
       Copyright(c) 1984-2020  President and Fellows of Harvard College
                              All Rights Reserved
  Current operating system: Linux-5.10.0-21-amd64(x86_64)@zeta.mdy.univie.ac.   
                 Created on  3/24/23 at 19:05:10 by user: mazin       

            Maximum number of ATOMS:    360720, and RESidues:      120240
 RDTITL> DIMENSION CHSIZE 4500000
 RDTITL> No title read.

      ***** LEVEL  1 WARNING FROM <RDTITL> *****
      ***** Title expected.
      ******************************************
      BOMLEV (  0) IS NOT REACHED. WRNLEV IS  5

  
 CHARMM>    dimension chsize 4500000
Size      Original         New
MAXA        360720     4500000
MAXB        360720     4500000
MAXT        721440     9000000
MAXP       1082160    13500000
MAXIMP      180360     2250000
MAXNB        90180     1125000
MAXPAD      360720     4500000
MAXRES      120240     1500000
MAXSEG       45090      562500
MAXATC        1400
MAXCB         3000
MAXCT        50000
MAXCP        20000
MAXCI         1200
MAXCH         6400
MAXCN       502503
MAXCRT      120240     1500000
  
 CHARMM>    ioformat extended
 MISCOM> Expanded I/O format is used.
  
 CHARMM>    stream testing_files/cg_dihe.str
 VOPEN> Attempting to open::testing_files/cg_dihe.str::
 OPNLGU> Unit 99 opened for READONLY access to testing_files/cg_dihe.str

                    INPUT STREAM SWITCHING TO UNIT    99
 RDTITL> READ RTF CARD
 RDTITL> No title read.

      ***** LEVEL  1 WARNING FROM <RDTITL> *****
      ***** Title expected.
      ******************************************
      BOMLEV (  0) IS NOT REACHED. WRNLEV IS  5

 Parameter: IN1 <- "" <empty>
  
 CHARMM>    READ RTF CARD
 MAINIO> Residue topology file being read from unit  99.
 RDTITL> *...........................................................................
 RDTITL> * PHYS. CHEM. CHEM. PHYS. 8 (2006), 1096
 RDTITL> *...........................................................................
 RDTITL> *
  
 CHARMM>    read param card

          PARAMETER FILE BEING READ FROM UNIT 99
 RDTITL> BONDS
 RDTITL> No title read.
 PARMIO> NONBOND, HBOND lists and IMAGE atoms cleared.
  
 VCLOSE: Closing unit   99 with status "KEEP"

                    RETURNING TO INPUT STREAM     5
  
 CHARMM>    open unit 1 card name p1.psf
 VOPEN> Attempting to open::p1.psf::

 *****  WARNING  ***** NEITHER READ NOR WRITE SPECIFIED
 SINCE AN OLD FILE EXISTED IT WILL BE OPENED READONLY
 OPNLGU> Unit  1 opened for READONLY access to p1.psf
  
 CHARMM>    read psf card unit 1
 MAINIO> Protein structure file being read from unit   1.
 PSFRD2> Reading PSF in the expanded format.
 TITLE>  * NONE *
 TITLE>  *  DATE:     3/24/23     17:10:48      CREATED BY USER: mazin
 TITLE>  *
 PSFSUM> PSF modified: NONBOND lists and IMAGE atoms cleared.
 PSFSUM> Summary of the structure file counters :
         Number of segments      =        1   Number of residues   =       45
         Number of atoms         =      405   Number of groups     =       45
         Number of bonds         =      224   Number of angles     =      354
         Number of dihedrals     =      132   Number of impropers  =        0
         Number of cross-terms   =        0
         Number of HB acceptors  =        0   Number of HB donors  =        0
         Number of NB exclusions =        0   Total charge =    0.00000
  
 CHARMM>    close unit 1
 VCLOSE: Closing unit    1 with status "KEEP"
  
 CHARMM>    read sequence BMW 20000
  
 CHARMM>    generate BMW first none last none noangle nodihedral setup warn
 NO PATCHING WILL BE DONE ON THE FIRST RESIDUE
 NO PATCHING WILL BE DONE ON THE LAST  RESIDUE
 GENPSF> Segment   2 has been generated. Its identifier is BMW.
 PSFSUM> PSF modified: NONBOND lists and IMAGE atoms cleared.
 PSFSUM> Summary of the structure file counters :
         Number of segments      =        2   Number of residues   =    20045
         Number of atoms         =    60405   Number of groups     =    20045
         Number of bonds         =    60224   Number of angles     =    20354
         Number of dihedrals     =      132   Number of impropers  =        0
         Number of cross-terms   =        0
         Number of HB acceptors  =        0   Number of HB donors  =        0
         Number of NB exclusions =        0   Total charge =    0.00000
  
 CHARMM>    open unit 10 write form name ./p1_in_bmw.psf
 VOPEN> Attempting to open::./p1_in_bmw.psf::
 OPNLGU> Unit 10 opened for WRITE access to ./p1_in_bmw.psf
  
 CHARMM>    write unit 10 psf xplor card
 RDTITL> CLOSE UNIT 10
 RDTITL> No title read.
  
 CHARMM>    close unit 10
 VCLOSE: Closing unit   10 with status "KEEP"
  
 CHARMM>    stop

      $$$$$$  New timer profile Local node$$$$$

 Total time                      3.63 Other:            0.00

         $$$$$$  Average   profile $$$$$

 Total time                      3.63 Other:            0.00

                    NORMAL TERMINATION BY NORMAL STOP
                    MOST SEVERE WARNING WAS AT LEVEL  1

                    $$$$$ JOB ACCOUNTING INFORMATION $$$$$
                     ELAPSED TIME:     3.67  SECONDS 
                         CPU TIME:     1.84  SECONDS 
